OUTPUT:
b'\r\nC:\\GitHub\\CWatM\\Tutorials\\09_Calibration_renovation\\runs_calibration\\00_006>python ../../../../run_cwatm.py settings_CWatM_template_30min-Run00_006.ini -v \r\n'
ERRORS:
b'Traceback (most recent call last):\r\n  File "C:\\Users\\smilovic\\AppData\\Local\\Programs\\Python\\Python311\\Lib\\site-packages\\numpy\\core\\__init__.py", line 23, in <module>\r\n    from . import multiarray\r\n  File "C:\\Users\\smilovic\\AppData\\Local\\Programs\\Python\\Python311\\Lib\\site-packages\\numpy\\core\\multiarray.py", line 10, in <module>\r\n    from . import overrides\r\n  File "C:\\Users\\smilovic\\AppData\\Local\\Programs\\Python\\Python311\\Lib\\site-packages\\numpy\\core\\overrides.py", line 6, in <module>\r\n    from numpy.core._multiarray_umath import (\r\nImportError: DLL load failed while importing _multiarray_umath: The paging file is too small for this operation to complete.\r\n\r\nDuring handling of the above exception, another exception occurred:\r\n\r\nTraceback (most recent call last):\r\n  File "C:\\GitHub\\CWatM\\run_cwatm.py", line 35, in <module>\r\n    from cwatm.run_cwatm import main, parse_args, usage, GNU\r\n  File "C:\\GitHub\\CWatM\\cwatm\\run_cwatm.py", line 38, in <module>\r\n    import numpy as np\r\n  File "C:\\Users\\smilovic\\AppData\\Local\\Programs\\Python\\Python311\\Lib\\site-packages\\numpy\\__init__.py", line 140, in <module>\r\n    from . import core\r\n  File "C:\\Users\\smilovic\\AppData\\Local\\Programs\\Python\\Python311\\Lib\\site-packages\\numpy\\core\\__init__.py", line 49, in <module>\r\n    raise ImportError(msg)\r\nImportError: \r\n\r\nIMPORTANT: PLEASE READ THIS FOR ADVICE ON HOW TO SOLVE THIS ISSUE!\r\n\r\nImporting the numpy C-extensions failed. This error can happen for\r\nmany reasons, often due to issues with your setup or how NumPy was\r\ninstalled.\r\n\r\nWe have compiled some common reasons and troubleshooting tips at:\r\n\r\n    https://numpy.org/devdocs/user/troubleshooting-importerror.html\r\n\r\nPlease note and check the following:\r\n\r\n  * The Python version is: Python3.11 from "C:\\Users\\smilovic\\AppData\\Local\\Programs\\Python\\Python311\\python.exe"\r\n  * The NumPy version is: "1.23.4"\r\n\r\nand make sure that they are the versions you expect.\r\nPlease carefully study the documentation linked above for further help.\r\n\r\nOriginal error was: DLL load failed while importing _multiarray_umath: The paging file is too small for this operation to complete.\r\n\r\n'